<?xml version="1.0" encoding="UTF-8"?>
<testng-results ignored="0" total="1" passed="1" failed="0" skipped="0">
  <reporter-output>
  </reporter-output>
  <suite started-at="2024-11-27T14:44:36 IST" name="Default suite" finished-at="2024-11-27T14:45:07 IST" duration-ms="30839">
    <groups>
    </groups>
    <test started-at="2024-11-27T14:44:36 IST" name="Default test" finished-at="2024-11-27T14:45:07 IST" duration-ms="30839">
      <class name="testCases.TestFitpeoPage">
        <test-method is-config="true" signature="setup()[pri:0, instance:testCases.TestFitpeoPage@1af146]" started-at="2024-11-27T14:44:36 IST" name="setup" finished-at="2024-11-27T14:44:56 IST" duration-ms="19899" status="PASS">
          <reporter-output>
          </reporter-output>
        </test-method> <!-- setup -->
        <test-method signature="verifyFitpeoPage()[pri:0, instance:testCases.TestFitpeoPage@1af146]" started-at="2024-11-27T14:44:56 IST" name="verifyFitpeoPage" finished-at="2024-11-27T14:45:06 IST" duration-ms="9711" status="PASS">
          <reporter-output>
          </reporter-output>
        </test-method> <!-- verifyFitpeoPage -->
        <test-method is-config="true" signature="tearDown()[pri:0, instance:testCases.TestFitpeoPage@1af146]" started-at="2024-11-27T14:45:06 IST" name="tearDown" finished-at="2024-11-27T14:45:07 IST" duration-ms="1126" status="PASS">
          <reporter-output>
          </reporter-output>
        </test-method> <!-- tearDown -->
      </class> <!-- testCases.TestFitpeoPage -->
    </test> <!-- Default test -->
  </suite> <!-- Default suite -->
</testng-results>
