<?xml version="1.0" encoding="UTF-8"?>
<testng-results ignored="0" total="1" passed="1" failed="0" skipped="0">
  <reporter-output>
  </reporter-output>
  <suite started-at="2024-11-27T12:41:41 IST" name="Suite" finished-at="2024-11-27T12:42:10 IST" duration-ms="28270">
    <groups>
    </groups>
    <test started-at="2024-11-27T12:41:41 IST" name="Test" finished-at="2024-11-27T12:42:10 IST" duration-ms="28270">
      <class name="testCases.TestFitpeoPage">
        <test-method is-config="true" signature="setup()[pri:0, instance:testCases.TestFitpeoPage@1af146]" started-at="2024-11-27T12:41:42 IST" name="setup" finished-at="2024-11-27T12:42:01 IST" duration-ms="19702" status="PASS">
          <reporter-output>
          </reporter-output>
        </test-method> <!-- setup -->
        <test-method signature="verifyFitpeoPage()[pri:0, instance:testCases.TestFitpeoPage@1af146]" started-at="2024-11-27T12:42:01 IST" name="verifyFitpeoPage" finished-at="2024-11-27T12:42:09 IST" duration-ms="7602" status="PASS">
          <reporter-output>
          </reporter-output>
        </test-method> <!-- verifyFitpeoPage -->
        <test-method is-config="true" signature="tearDown()[pri:0, instance:testCases.TestFitpeoPage@1af146]" started-at="2024-11-27T12:42:09 IST" name="tearDown" finished-at="2024-11-27T12:42:10 IST" duration-ms="748" status="PASS">
          <reporter-output>
          </reporter-output>
        </test-method> <!-- tearDown -->
      </class> <!-- testCases.TestFitpeoPage -->
    </test> <!-- Test -->
  </suite> <!-- Suite -->
</testng-results>
